[    0.000000] Initializing cgroup subsys cpuset
[    0.000000] Initializing cgroup subsys cpu
[    0.000000] Initializing cgroup subsys cpuacct
[    0.000000] Linux version 4.4.0-184-generic (buildd@lgw01-amd64-060) (gcc version 5.4.0 20160609 (Ubuntu 5.4.0-6ubuntu1~16.04.12) ) #214-Ubuntu SMP Thu Jun 4 10:14:11 UTC 2020 (Ubuntu 4.4.0-184.214-generic 4.4.223)
[    0.000000] Command line: BOOT_IMAGE=/boot/vmlinuz-4.4.0-184-generic root=LABEL=cloudimg-rootfs ro console=tty1 console=ttyS0
[    0.000000] KERNEL supported cpus:
[    0.000000]   Intel GenuineIntel
[    0.000000]   AMD AuthenticAMD
[    0.000000]   Centaur CentaurHauls
[    0.000000] x86/fpu: xstate_offset[2]:  576, xstate_sizes[2]:  256
[    0.000000] x86/fpu: Supporting XSAVE feature 0x01: 'x87 floating point registers'
[    0.000000] x86/fpu: Supporting XSAVE feature 0x02: 'SSE registers'
[    0.000000] x86/fpu: Supporting XSAVE feature 0x04: 'AVX registers'
[    0.000000] x86/fpu: Enabled xstate features 0x7, context size is 832 bytes, using 'standard' format.
[    0.000000] e820: BIOS-provided physical RAM map:
[    0.000000] BIOS-e820: [mem 0x0000000000000000-0x000000000009fbff] usable
[    0.000000] BIOS-e820: [mem 0x000000000009fc00-0x000000000009ffff] reserved
[    0.000000] BIOS-e820: [mem 0x00000000000f0000-0x00000000000fffff] reserved
[    0.000000] BIOS-e820: [mem 0x0000000000100000-0x000000003ffeffff] usable
[    0.000000] BIOS-e820: [mem 0x000000003fff0000-0x000000003fffffff] ACPI data
[    0.000000] BIOS-e820: [mem 0x00000000fec00000-0x00000000fec00fff] reserved
[    0.000000] BIOS-e820: [mem 0x00000000fee00000-0x00000000fee00fff] reserved
[    0.000000] BIOS-e820: [mem 0x00000000fffc0000-0x00000000ffffffff] reserved
[    0.000000] NX (Execute Disable) protection: active
[    0.000000] SMBIOS 2.5 present.
[    0.000000] Hypervisor detected: KVM
[    0.000000] e820: last_pfn = 0x3fff0 max_arch_pfn = 0x400000000
[    0.000000] MTRR: Disabled
[    0.000000] x86/PAT: MTRRs disabled, skipping PAT initialization too.
[    0.000000] CPU MTRRs all blank - virtualized system.
[    0.000000] x86/PAT: Configuration [0-7]: WB  WT  UC- UC  WB  WT  UC- UC  
[    0.000000] found SMP MP-table at [mem 0x0009fff0-0x0009ffff] mapped at [ffff88000009fff0]
[    0.000000] Scanning 1 areas for low memory corruption
[    0.000000] RAMDISK: [mem 0x362de000-0x37166fff]
[    0.000000] ACPI: Early table checksum verification disabled
[    0.000000] ACPI: RSDP 0x00000000000E0000 000024 (v02 VBOX  )
[    0.000000] ACPI: XSDT 0x000000003FFF0030 00003C (v01 VBOX   VBOXXSDT 00000001 ASL  00000061)
[    0.000000] ACPI: FACP 0x000000003FFF00F0 0000F4 (v04 VBOX   VBOXFACP 00000001 ASL  00000061)
[    0.000000] ACPI: DSDT 0x000000003FFF0470 002325 (v02 VBOX   VBOXBIOS 00000002 INTL 20100528)
[    0.000000] ACPI: FACS 0x000000003FFF0200 000040
[    0.000000] ACPI: FACS 0x000000003FFF0200 000040
[    0.000000] ACPI: APIC 0x000000003FFF0240 00005C (v02 VBOX   VBOXAPIC 00000001 ASL  00000061)
[    0.000000] ACPI: SSDT 0x000000003FFF02A0 0001CC (v01 VBOX   VBOXCPUT 00000002 INTL 20100528)
[    0.000000] No NUMA configuration found
[    0.000000] Faking a node at [mem 0x0000000000000000-0x000000003ffeffff]
[    0.000000] NODE_DATA(0) allocated [mem 0x3ffeb000-0x3ffeffff]
[    0.000000] kvm-clock: Using msrs 4b564d01 and 4b564d00
[    0.000000] kvm-clock: cpu 0, msr 0:3ffe3001, primary cpu clock
[    0.000000] kvm-clock: using sched offset of 3593986288 cycles
[    0.000000] clocksource: kvm-clock: mask: 0xffffffffffffffff max_cycles: 0x1cd42e4dffb, max_idle_ns: 881590591483 ns
[    0.000000] Zone ranges:
[    0.000000]   DMA      [mem 0x0000000000001000-0x0000000000ffffff]
[    0.000000]   DMA32    [mem 0x0000000001000000-0x000000003ffeffff]
[    0.000000]   Normal   empty
[    0.000000]   Device   empty
[    0.000000] Movable zone start for each node
[    0.000000] Early memory node ranges
[    0.000000]   node   0: [mem 0x0000000000001000-0x000000000009efff]
[    0.000000]   node   0: [mem 0x0000000000100000-0x000000003ffeffff]
[    0.000000] Initmem setup node 0 [mem 0x0000000000001000-0x000000003ffeffff]
[    0.000000] ACPI: PM-Timer IO Port: 0x4008
[    0.000000] IOAPIC[0]: apic_id 2, version 32, address 0xfec00000, GSI 0-23
[    0.000000] ACPI: INT_SRC_OVR (bus 0 bus_irq 0 global_irq 2 dfl dfl)
[    0.000000] ACPI: INT_SRC_OVR (bus 0 bus_irq 9 global_irq 9 low level)
[    0.000000] Using ACPI (MADT) for SMP configuration information
[    0.000000] smpboot: Allowing 2 CPUs, 0 hotplug CPUs
[    0.000000] PM: Registered nosave memory: [mem 0x00000000-0x00000fff]
[    0.000000] PM: Registered nosave memory: [mem 0x0009f000-0x0009ffff]
[    0.000000] PM: Registered nosave memory: [mem 0x000a0000-0x000effff]
[    0.000000] PM: Registered nosave memory: [mem 0x000f0000-0x000fffff]
[    0.000000] e820: [mem 0x40000000-0xfebfffff] available for PCI devices
[    0.000000] Booting paravirtualized kernel on KVM
[    0.000000] clocksource: refined-jiffies: mask: 0xffffffff max_cycles: 0xffffffff, max_idle_ns: 7645519600211568 ns
[    0.000000] setup_percpu: NR_CPUS:512 nr_cpumask_bits:512 nr_cpu_ids:2 nr_node_ids:1
[    0.000000] PERCPU: Embedded 33 pages/cpu @ffff88003fc00000 s95448 r8192 d31528 u1048576
[    0.000000] Built 1 zonelists in Node order, mobility grouping on.  Total pages: 257912
[    0.000000] Policy zone: DMA32
[    0.000000] Kernel command line: BOOT_IMAGE=/boot/vmlinuz-4.4.0-184-generic root=LABEL=cloudimg-rootfs ro console=tty1 console=ttyS0
[    0.000000] PID hash table entries: 4096 (order: 3, 32768 bytes)
[    0.000000] Memory: 997664K/1048120K available (8632K kernel code, 1336K rwdata, 4036K rodata, 1492K init, 1292K bss, 50456K reserved, 0K cma-reserved)
[    0.000000] SLUB: HWalign=64, Order=0-3, MinObjects=0, CPUs=2, Nodes=1
[    0.000000] Kernel/User page tables isolation: enabled
[    0.000000] Hierarchical RCU implementation.
[    0.000000] 	Build-time adjustment of leaf fanout to 64.
[    0.000000] 	RCU restricting CPUs from NR_CPUS=512 to nr_cpu_ids=2.
[    0.000000] RCU: Adjusting geometry for rcu_fanout_leaf=64, nr_cpu_ids=2
[    0.000000] NR_IRQS:33024 nr_irqs:440 16
[    0.000000] Console: colour VGA+ 80x25
[    0.000000] console [tty1] enabled
[    0.000000] console [ttyS0] enabled
[    0.000000] tsc: Detected 2711.998 MHz processor
[    0.152487] Calibrating delay loop (skipped) preset value.. 5423.99 BogoMIPS (lpj=10847992)
[    0.154186] pid_max: default: 32768 minimum: 301
[    0.155211] ACPI: Core revision 20150930
[    0.156633] ACPI: 2 ACPI AML tables successfully acquired and loaded
[    0.158464] Security Framework initialized
[    0.159795] Yama: becoming mindful.
[    0.160642] AppArmor: AppArmor initialized
[    0.161752] Dentry cache hash table entries: 131072 (order: 8, 1048576 bytes)
[    0.164517] Inode-cache hash table entries: 65536 (order: 7, 524288 bytes)
[    0.166355] Mount-cache hash table entries: 2048 (order: 2, 16384 bytes)
[    0.167583] Mountpoint-cache hash table entries: 2048 (order: 2, 16384 bytes)
[    0.168963] Initializing cgroup subsys io
[    0.169739] Initializing cgroup subsys memory
[    0.171108] Initializing cgroup subsys devices
[    0.172091] Initializing cgroup subsys freezer
[    0.172944] Initializing cgroup subsys net_cls
[    0.174333] Initializing cgroup subsys perf_event
[    0.175945] Initializing cgroup subsys net_prio
[    0.177293] Initializing cgroup subsys hugetlb
[    0.178320] Initializing cgroup subsys pids
[    0.180296] mce: CPU supports 0 MCE banks
[    0.181100] Last level iTLB entries: 4KB 64, 2MB 8, 4MB 8
[    0.182083] Last level dTLB entries: 4KB 64, 2MB 0, 4MB 0, 1GB 4
[    0.183127] Spectre V1 : Mitigation: usercopy/swapgs barriers and __user pointer sanitization
[    0.184715] Spectre V2 : Mitigation: Full generic retpoline
[    0.185713] Spectre V2 : Spectre v2 / SpectreRSB mitigation: Filling RSB on context switch
[    0.187289] Speculative Store Bypass: Vulnerable
[    0.188307] SRBDS: Unknown: Dependent on hypervisor status
[    0.189463] MDS: Mitigation: Clear CPU buffers
[    0.192790] Freeing SMP alternatives memory: 36K
[    0.199152] ftrace: allocating 32319 entries in 127 pages
[    0.254401] smpboot: APIC(0) Converting physical 0 to logical package 0
[    0.255786] smpboot: Max logical packages: 1
[    0.256937] x2apic enabled
[    0.258346] Switched APIC routing to physical x2apic.
[    0.260581] ..TIMER: vector=0x30 apic1=0 pin1=2 apic2=-1 pin2=-1
[    0.370147] smpboot: CPU0: Intel(R) Core(TM) i7-8559U CPU @ 2.70GHz (family: 0x6, model: 0x8e, stepping: 0xa)
[    0.372917] Performance Events: unsupported p6 CPU model 142 no PMU driver, software events only.
[    0.385913] KVM setup paravirtual spinlock
[    0.387882] x86: Booting SMP configuration:
[    0.388899] .... node  #0, CPUs:      #1
[    0.390210] kvm-clock: cpu 1, msr 0:3ffe3041, secondary cpu clock
[    0.392623] mce: CPU supports 0 MCE banks
[    0.395568] x86: Booted up 1 node, 2 CPUs
[    0.396747] smpboot: Total of 2 processors activated (10847.99 BogoMIPS)
[    0.398657] devtmpfs: initialized
[    0.400860] evm: security.selinux
[    0.401531] evm: security.SMACK64
[    0.402595] evm: security.SMACK64EXEC
[    0.403322] evm: security.SMACK64TRANSMUTE
[    0.404318] evm: security.SMACK64MMAP
[    0.405369] evm: security.ima
[    0.406167] evm: security.capability
[    0.407358] clocksource: jiffies: mask: 0xffffffff max_cycles: 0xffffffff, max_idle_ns: 7645041785100000 ns
[    0.409955] futex hash table entries: 512 (order: 3, 32768 bytes)
[    0.411726] pinctrl core: initialized pinctrl subsystem
[    0.412837] RTC time: 13:07:56, date: 06/23/20
[    0.414021] NET: Registered protocol family 16
[    0.425278] cpuidle: using governor ladder
[    0.437900] cpuidle: using governor menu
[    0.438730] PCCT header not found.
[    0.439540] ACPI: bus type PCI registered
[    0.440400] acpiphp: ACPI Hot Plug PCI Controller Driver version: 0.5
[    0.441692] PCI: Using configuration type 1 for base access
[    0.454525] ACPI: Added _OSI(Module Device)
[    0.455433] ACPI: Added _OSI(Processor Device)
[    0.456287] ACPI: Added _OSI(3.0 _SCP Extensions)
[    0.457181] ACPI: Added _OSI(Processor Aggregator Device)
[    0.459103] ACPI: Executed 1 blocks of module-level executable AML code
[    0.462263] ACPI: Interpreter enabled
[    0.462997] ACPI: (supports S0 S5)
[    0.463732] ACPI: Using IOAPIC for interrupt routing
[    0.464777] PCI: Using host bridge windows from ACPI; if necessary, use "pci=nocrs" and report a bug
[    0.470413] ACPI: PCI Root Bridge [PCI0] (domain 0000 [bus 00-ff])
[    0.471504] acpi PNP0A03:00: _OSC: OS supports [ASPM ClockPM Segments MSI]
[    0.473195] acpi PNP0A03:00: _OSC: not requesting OS control; OS requires [ExtendedConfig ASPM ClockPM MSI]
[    0.475451] acpi PNP0A03:00: fail to add MMCONFIG information, can't access extended PCI configuration space under this bridge.
[    0.478300] PCI host bridge to bus 0000:00
[    0.479069] pci_bus 0000:00: root bus resource [io  0x0000-0x0cf7 window]
[    0.480386] pci_bus 0000:00: root bus resource [io  0x0d00-0xffff window]
[    0.481569] pci_bus 0000:00: root bus resource [mem 0x000a0000-0x000bffff window]
[    0.483053] pci_bus 0000:00: root bus resource [mem 0x40000000-0xfdffffff window]
[    0.484486] pci_bus 0000:00: root bus resource [bus 00-ff]
[    0.487559] pci 0000:00:01.1: legacy IDE quirk: reg 0x10: [io  0x01f0-0x01f7]
[    0.488875] pci 0000:00:01.1: legacy IDE quirk: reg 0x14: [io  0x03f6]
[    0.490299] pci 0000:00:01.1: legacy IDE quirk: reg 0x18: [io  0x0170-0x0177]
[    0.498671] pci 0000:00:01.1: legacy IDE quirk: reg 0x1c: [io  0x0376]
[    0.512293] pci 0000:00:07.0: quirk: [io  0x4000-0x403f] claimed by PIIX4 ACPI
[    0.513770] pci 0000:00:07.0: quirk: [io  0x4100-0x410f] claimed by PIIX4 SMB
[    0.521842] ACPI: PCI Interrupt Link [LNKA] (IRQs 5 9 10 *11)
[    0.523338] ACPI: PCI Interrupt Link [LNKB] (IRQs 5 9 *10 11)
[    0.524798] ACPI: PCI Interrupt Link [LNKC] (IRQs 5 *9 10 11)
[    0.526586] ACPI: PCI Interrupt Link [LNKD] (IRQs 5 9 10 *11)
[    0.528007] ACPI: Enabled 2 GPEs in block 00 to 07
[    0.529193] vgaarb: setting as boot device: PCI:0000:00:02.0
[    0.530214] vgaarb: device added: PCI:0000:00:02.0,decodes=io+mem,owns=io+mem,locks=none
[    0.531703] vgaarb: loaded
[    0.532266] vgaarb: bridge control possible 0000:00:02.0
[    0.533398] SCSI subsystem initialized
[    0.534208] ACPI: bus type USB registered
[    0.534997] usbcore: registered new interface driver usbfs
[    0.536011] usbcore: registered new interface driver hub
[    0.537264] usbcore: registered new device driver usb
[    0.538398] PCI: Using ACPI for IRQ routing
[    0.540948] NetLabel: Initializing
[    0.541921] NetLabel:  domain hash size = 128
[    0.542782] NetLabel:  protocols = UNLABELED CIPSOv4
[    0.543826] NetLabel:  unlabeled traffic allowed by default
[    0.545097] amd_nb: Cannot enumerate AMD northbridges
[    0.546208] clocksource: Switched to clocksource kvm-clock
[    0.555674] AppArmor: AppArmor Filesystem Enabled
[    0.557012] pnp: PnP ACPI init
[    0.558992] pnp: PnP ACPI: found 3 devices
[    0.569108] clocksource: acpi_pm: mask: 0xffffff max_cycles: 0xffffff, max_idle_ns: 2085701024 ns
[    0.570921] NET: Registered protocol family 2
[    0.572249] TCP established hash table entries: 8192 (order: 4, 65536 bytes)
[    0.573501] TCP bind hash table entries: 8192 (order: 5, 131072 bytes)
[    0.574819] TCP: Hash tables configured (established 8192 bind 8192)
[    0.576078] UDP hash table entries: 512 (order: 2, 16384 bytes)
[    0.577296] UDP-Lite hash table entries: 512 (order: 2, 16384 bytes)
[    0.578580] NET: Registered protocol family 1
[    0.579935] pci 0000:00:00.0: Limiting direct PCI/PCI transfers
[    0.581011] pci 0000:00:01.0: Activating ISA DMA hang workarounds
[    0.582292] Unpacking initramfs...
[    0.792643] Freeing initrd memory: 14884K
[    0.794274] clocksource: tsc: mask: 0xffffffffffffffff max_cycles: 0x27178451938, max_idle_ns: 440795251172 ns
[    0.796241] platform rtc_cmos: registered platform RTC device (no PNP device found)
[    0.797770] Scanning for low memory corruption every 60 seconds
[    0.799179] audit: initializing netlink subsys (disabled)
[    0.800174] audit: type=2000 audit(1592917681.573:1): initialized
[    0.801432] Initialise system trusted keyring
[    0.802375] HugeTLB registered 2 MB page size, pre-allocated 0 pages
[    0.804427] zbud: loaded
[    0.805283] VFS: Disk quotas dquot_6.6.0
[    0.806260] VFS: Dquot-cache hash table entries: 512 (order 0, 4096 bytes)
[    0.807830] squashfs: version 4.0 (2009/01/31) Phillip Lougher
[    0.809450] fuse init (API version 7.23)
[    0.810413] Key type big_key registered
[    0.811169] Allocating IMA MOK and blacklist keyrings.
[    0.813007] Key type asymmetric registered
[    0.813788] Asymmetric key parser 'x509' registered
[    0.814885] Block layer SCSI generic (bsg) driver version 0.4 loaded (major 249)
[    0.816354] io scheduler noop registered
[    0.817185] io scheduler deadline registered (default)
[    0.818554] io scheduler cfq registered
[    0.819589] pci_hotplug: PCI Hot Plug PCI Core version: 0.5
[    0.820584] pciehp: PCI Express Hot Plug Controller Driver version: 0.4
[    0.821992] ACPI: AC Adapter [AC] (on-line)
[    0.823053] input: Power Button as /devices/LNXSYSTM:00/LNXPWRBN:00/input/input0
[    0.824576] ACPI: Power Button [PWRF]
[    0.825403] input: Sleep Button as /devices/LNXSYSTM:00/LNXSLPBN:00/input/input1
[    0.827167] ACPI: Sleep Button [SLPF]
[    0.829020] ACPI: Battery Slot [BAT0] (battery present)
[    0.830016] GHES: HEST is not enabled!
[    0.831136] Serial: 8250/16550 driver, 32 ports, IRQ sharing enabled
[    0.852775] 00:02: ttyS0 at I/O 0x3f8 (irq = 4, base_baud = 115200) is a 16550A
[    0.856752] Linux agpgart interface v0.103
[    0.860181] loop: module loaded
[    0.861568] scsi host0: ata_piix
[    0.862974] scsi host1: ata_piix
[    0.863681] ata1: PATA max UDMA/33 cmd 0x1f0 ctl 0x3f6 bmdma 0xd000 irq 14
[    0.864882] ata2: PATA max UDMA/33 cmd 0x170 ctl 0x376 bmdma 0xd008 irq 15
[    0.866589] libphy: Fixed MDIO Bus: probed
[    0.867375] tun: Universal TUN/TAP device driver, 1.6
[    0.868366] tun: (C) 1999-2004 Max Krasnyansky <maxk@qualcomm.com>
[    0.869488] PPP generic driver version 2.4.2
[    0.870721] ehci_hcd: USB 2.0 'Enhanced' Host Controller (EHCI) Driver
[    0.872472] ehci-pci: EHCI PCI platform driver
[    0.873332] ehci-platform: EHCI generic platform driver
[    0.874661] ohci_hcd: USB 1.1 'Open' Host Controller (OHCI) Driver
[    0.876309] ohci-pci: OHCI PCI platform driver
[    0.877222] ohci-platform: OHCI generic platform driver
[    0.878536] uhci_hcd: USB Universal Host Controller Interface driver
[    0.880023] i8042: PNP: PS/2 Controller [PNP0303:PS2K,PNP0f03:PS2M] at 0x60,0x64 irq 1,12
[    0.882224] serio: i8042 KBD port at 0x60,0x64 irq 1
[    0.883311] serio: i8042 AUX port at 0x60,0x64 irq 12
[    0.884459] mousedev: PS/2 mouse device common for all mice
[    0.885989] rtc_cmos rtc_cmos: rtc core: registered rtc_cmos as rtc0
[    0.887424] input: AT Translated Set 2 keyboard as /devices/platform/i8042/serio0/input/input2
[    0.889457] rtc_cmos rtc_cmos: alarms up to one day, 114 bytes nvram
[    0.890800] i2c /dev entries driver
[    0.891563] device-mapper: uevent: version 1.0.3
[    0.893027] device-mapper: ioctl: 4.34.0-ioctl (2015-10-28) initialised: dm-devel@redhat.com
[    0.895266] ledtrig-cpu: registered to indicate activity on CPUs
[    0.896966] NET: Registered protocol family 10
[    0.898385] NET: Registered protocol family 17
[    0.899381] Key type dns_resolver registered
[    0.900518] registered taskstats version 1
[    0.901351] Loading compiled-in X.509 certificates
[    0.902974] Loaded X.509 cert 'Build time autogenerated kernel key: b6ae09eed57f82583ccd3c65c463e852cdd7a0b5'
[    0.905456] zswap: loaded using pool lzo/zbud
[    0.908724] Key type trusted registered
[    0.913100] Key type encrypted registered
[    0.914011] AppArmor: AppArmor sha1 policy hashing enabled
[    0.915130] ima: No TPM chip found, activating TPM-bypass!
[    0.916508] ima: Allocated hash algorithm: sha1
[    0.917390] evm: HMAC attrs: 0x1
[    0.918441]   Magic number: 8:172:130
[    0.919215] rtc_cmos rtc_cmos: setting system clock to 2020-06-23 13:07:56 UTC (1592917676)
[    0.920900] BIOS EDD facility v0.16 2004-Jun-25, 0 devices found
[    0.921964] EDD information not available.
[    1.048186] Freeing unused kernel memory: 1492K
[    1.049357] Write protecting the kernel read-only data: 14336k
[    1.051050] Freeing unused kernel memory: 1596K
[    1.052071] Freeing unused kernel memory: 60K
Loading, please wait...
starting version 229
[    1.063677] random: systemd-udevd: uninitialized urandom read (16 bytes read, 3 bits of entropy available)
[    1.065488] random: systemd-udevd: uninitialized urandom read (16 bytes read, 3 bits of entropy available)
[    1.067318] random: systemd-udevd: uninitialized urandom read (16 bytes read, 3 bits of entropy available)
[    1.069046] random: systemd-udevd: uninitialized urandom read (16 bytes read, 3 bits of entropy available)
[    1.071157] random: udevadm: uninitialized urandom read (16 bytes read, 3 bits of entropy available)
[    1.073163] random: udevadm: uninitialized urandom read (16 bytes read, 3 bits of entropy available)
[    1.080229] random: systemd-udevd: uninitialized urandom read (16 bytes read, 3 bits of entropy available)
[    1.082271] random: systemd-udevd: uninitialized urandom read (16 bytes read, 3 bits of entropy available)
[    1.082683] random: udevadm: uninitialized urandom read (16 bytes read, 3 bits of entropy available)
[    1.082716] random: udevadm: uninitialized urandom read (16 bytes read, 3 bits of entropy available)
[    1.120202] e1000: Intel(R) PRO/1000 Network Driver - version 7.3.21-k8-NAPI
[    1.122177] e1000: Copyright (c) 1999-2006 Intel Corporation.
[    1.125582] Fusion MPT base driver 3.04.20
[    1.126395] Copyright (c) 1999-2008 LSI Corporation
[    1.132391] Fusion MPT SPI Host driver 3.04.20
[    1.141386] AVX2 version of gcm_enc/dec engaged.
[    1.142465] AES CTR mode by8 optimization enabled
[    1.358877] input: ImExPS/2 Generic Explorer Mouse as /devices/platform/i8042/serio1/input/input4
[    1.516555] e1000 0000:00:03.0 eth0: (PCI:33MHz:32-bit) 02:89:fa:04:16:8f
[    1.518364] e1000 0000:00:03.0 eth0: Intel(R) PRO/1000 Network Connection
[    1.520599] mptbase: ioc0: Initiating bringup
[    1.879194] ioc0: LSI53C1030 A0: Capabilities={Initiator}
[    3.736812] scsi host2: ioc0: LSI53C1030 A0, FwRev=00000000h, Ports=1, MaxQ=256, IRQ=20
[    4.831273] scsi 2:0:0:0: Direct-Access     VBOX     HARDDISK         1.0  PQ: 0 ANSI: 5
[    4.834053] scsi target2:0:0: Beginning Domain Validation
[    4.837561] scsi target2:0:0: Domain Validation skipping write tests
[    4.838966] scsi target2:0:0: Ending Domain Validation
[    4.840723] scsi target2:0:0: asynchronous
[    4.842580] scsi 2:0:1:0: Direct-Access     VBOX     HARDDISK         1.0  PQ: 0 ANSI: 5
[    4.844899] scsi target2:0:1: Beginning Domain Validation
[    4.846946] scsi target2:0:1: Domain Validation skipping write tests
[    4.848162] scsi target2:0:1: Ending Domain Validation
[    4.849182] scsi target2:0:1: asynchronous
[    4.863612] sd 2:0:0:0: [sda] 20971520 512-byte logical blocks: (10.7 GB/10.0 GiB)
[    4.865076] sd 2:0:0:0: Attached scsi generic sg0 type 0
[    4.866244] sd 2:0:1:0: [sdb] 20480 512-byte logical blocks: (10.5 MB/10.0 MiB)
[    4.870362] sd 2:0:0:0: [sda] Write Protect is off
[    4.871476] sd 2:0:1:0: [sdb] Write Protect is off
[    4.872223] sd 2:0:1:0: Attached scsi generic sg1 type 0
[    4.874934] sd 2:0:0:0: [sda] Incomplete mode parameter data
[    4.876399] sd 2:0:0:0: [sda] Assuming drive cache: write through
[    4.877939] sd 2:0:1:0: [sdb] Incomplete mode parameter data
[    4.879072] sd 2:0:1:0: [sdb] Assuming drive cache: write through
[    4.882899]  sda: sda1
[    4.884151] sd 2:0:1:0: [sdb] Attached SCSI disk
[    4.885104] sd 2:0:0:0: [sda] Attached SCSI disk
[    5.346095] e1000 0000:00:08.0 eth1: (PCI:33MHz:32-bit) 08:00:27:13:f6:e8
[    5.348160] e1000 0000:00:08.0 eth1: Intel(R) PRO/1000 Network Connection
[    5.350416] e1000 0000:00:03.0 enp0s3: renamed from eth0
[    5.366889] e1000 0000:00:08.0 enp0s8: renamed from eth1
Begin: Loading essential drivers ... [    6.639168] md: linear personality registered for level -1
[    6.642821] md: multipath personality registered for level -4
[    6.645860] md: raid0 personality registered for level 0
[    6.649573] md: raid1 personality registered for level 1
[    6.718262] raid6: sse2x1   gen() 12496 MB/s
[    6.786218] raid6: sse2x1   xor()  9597 MB/s
[    6.854450] raid6: sse2x2   gen() 15553 MB/s
[    6.922431] raid6: sse2x2   xor() 11254 MB/s
[    6.990466] raid6: sse2x4   gen() 17698 MB/s
[    7.058421] raid6: sse2x4   xor() 11841 MB/s
[    7.126228] raid6: avx2x1   gen() 23688 MB/s
[    7.194377] raid6: avx2x2   gen() 30986 MB/s
[    7.262494] raid6: avx2x4   gen() 34508 MB/s
[    7.263693] raid6: using algorithm avx2x4 gen() 34508 MB/s
[    7.264637] raid6: using avx2x2 recovery algorithm
[    7.266748] xor: automatically using best checksumming function:
[    7.306402]    avx       : 32674.000 MB/sec
[    7.308542] async_tx: api initialized (async)
[    7.316914] md: raid6 personality registered for level 6
[    7.317946] md: raid5 personality registered for level 5
[    7.318920] md: raid4 personality registered for level 4
[    7.324389] md: raid10 personality registered for level 10
done.
Begin: Running /scripts/init-premount ... done.
Begin: Mounting root file system ... Begin: Running /scripts/local-top ... done.
Begin: Running /scripts/local-premount ... [    7.350918] Btrfs loaded
Scanning for Btrfs filesystems
done.
Warning: fsck not present, so skipping root file system
[    7.373540] EXT4-fs (sda1): mounted filesystem with ordered data mode. Opts: (null)
done.
Begin: Running /scripts/local-bottom ... done.
Begin: Running /scripts/init-bottom ... done.
[    7.462732] systemd[1]: systemd 229 running in system mode. (+PAM +AUDIT +SELINUX +IMA +APPARMOR +SMACK +SYSVINIT +UTMP +LIBCRYPTSETUP +GCRYPT +GNUTLS +ACL +XZ -LZ4 +SECCOMP +BLKID +ELFUTILS +KMOD -IDN)
[    7.465804] systemd[1]: Detected virtualization oracle.
[    7.466839] systemd[1]: Detected architecture x86-64.

Welcome to [1mUbuntu 16.04.6 LTS[0m!

[    7.470786] systemd[1]: Set hostname to <ubuntu>.
[    7.474315] systemd[1]: Initializing machine ID from random generator.
[    7.475491] systemd[1]: Installed transient /etc/machine-id file.
[    7.584936] systemd[1]: Listening on udev Control Socket.
[[0;32m  OK  [0m] Listening on udev Control Socket.
[    7.586844] systemd[1]: Reached target Encrypted Volumes.
[[0;32m  OK  [0m] Reached target Encrypted Volumes.
[    7.588707] systemd[1]: Reached target System Time Synchronized.
[[0;32m  OK  [0m] Reached target System Time Synchronized.
[    7.591418] systemd[1]: Listening on /dev/initctl Compatibility Named Pipe.
[[0;32m  OK  [0m] Listening on /dev/initctl Compatibility Named Pipe.
[    7.594097] systemd[1]: Set up automount Arbitrary Executable File Formats File System Automount Point.
[[0;32m  OK  [0m] Set up automount Arbitrary Executab...ats File System Automount Point.
[    7.597266] systemd[1]: Listening on Journal Audit Socket.
[[0;32m  OK  [0m] Listening on Journal Audit Socket.
[    7.599219] systemd[1]: Listening on Syslog Socket.
[[0;32m  OK  [0m] Listening on Syslog Socket.
[    7.600929] systemd[1]: Started Trigger resolvconf update for networkd DNS.
[[0;32m  OK  [0m] Started Trigger resolvconf update for networkd DNS.
[    7.603187] systemd[1]: Started Forward Password Requests to Wall Directory Watch.
[[0;32m  OK  [0m] Started Forward Password Requests to Wall Directory Watch.
[    7.605905] systemd[1]: Reached target User and Group Name Lookups.
[[0;32m  OK  [0m] Reached target User and Group Name Lookups.
[    7.608107] systemd[1]: Listening on Journal Socket (/dev/log).
[[0;32m  OK  [0m] Listening on Journal Socket (/dev/log).
[    7.610210] systemd[1]: Reached target Swap.
[[0;32m  OK  [0m] Reached target Swap.
[    7.611985] systemd[1]: Created slice User and Session Slice.
[[0;32m  OK  [0m] Created slice User and Session Slice.
[    7.613939] systemd[1]: Listening on udev Kernel Socket.
[[0;32m  OK  [0m] Listening on udev Kernel Socket.
[    7.615838] systemd[1]: Listening on Journal Socket.
[[0;32m  OK  [0m] Listening on Journal Socket.
[    7.617566] systemd[1]: Listening on LVM2 metadata daemon socket.
[[0;32m  OK  [0m] Listening on LVM2 metadata daemon socket.
[    7.619542] systemd[1]: Listening on LVM2 poll daemon socket.
[[0;32m  OK  [0m] Listening on LVM2 poll daemon socket.
[    7.621639] systemd[1]: Created slice System Slice.
[[0;32m  OK  [0m] Created slice System Slice.
[    7.638882] systemd[1]: Mounting Huge Pages File System...
         Mounting Huge Pages File System...
[    7.642137] systemd[1]: Mounting Debug File System...
         Mounting Debug File System...
[    7.645353] systemd[1]: Mounting POSIX Message Queue File System...
         Mounting POSIX Message Queue File System...
[    7.647761] systemd[1]: Starting Set console keymap...
         Starting Set console keymap...
[    7.651416] systemd[1]: Starting Remount Root and Kernel File Systems...
         Starting Remount Root and Kernel File Systems...
[    7.654214] systemd[1]: Starting Create list of required static device nodes for the current kernel...
         Starting Create list of required st... nodes for the current kernel...
[    7.657377] systemd[1]: Created slice system-serial\x2dgetty.slice.
[[0;32m  OK  [[    7.658770] EXT4-fs (sda1): re-mounted. Opts: (null)
0m] Created slice system-serial\x2dgetty.slice.
[    7.662594] systemd[1]: Starting Load Kernel Modules...
         Starting Load Kernel Modules...
[    7.664711] systemd[1]: Starting Nameserver information manager...
         Starting Nameserver information manager...
[    7.667484] systemd[1]: Starting Journal Service...
         Starting Journal Service...
[    7.669673] systemd[1]: Starting Uncomplicated firewall...
         Starting Uncomplicated firewall...
[    7.672773] Loading iSCSI transport class v2.0-870.
[    7.672991] systemd[1]: Reached target Slices.
[[0;32m  OK  [0m] Reached target Slices.
[    7.675478] systemd[1]: Listening on Device-mapper event daemon FIFOs.
[[0;32m  OK  [0m] Listening on Device-mapper event daemon FIFOs.
[    7.687132] iscsi: registered transport (tcp)
[    7.691950] systemd[1]: Starting Monitoring of LVM2 mirrors, snapshots etc. using dmeventd or progress polling...
         Starting Monitoring of LVM2 mirrors... dmeventd or progress polling...
[    7.699428] systemd[1]: Mounted Huge Pages File System.
[[0;32m  OK  [0m] Mounted Huge Pages File System.
[    7.701781] systemd[1]: Mounted POSIX Message Queue File System.
[[0;32m  OK  [0m] Mounted POSIX Message Queue File System.
[    7.706777] systemd[1]: Mounted Debug File System.
[[0;32m  OK  [0m] Mounted Debug File System.
[    7.709690] systemd[1]: Started Remount Root and Kernel File Systems.
[[0;32m  OK  [0m] Started Remount Root and Kernel File Systems.
[    7.713535] systemd[1]: Started Create list of required static device nodes for the current kernel.
[[0;32m  OK  [0m] Started Create list of required sta...ce nodes for the current kernel.
[    7.717197] systemd[1]: Started Set console keymap.
[[0;32m  OK  [0m] Started Set console keymap.
[    7.729183] iscsi: registered transport (iser)
[    7.730826] systemd[1]: Started Load Kernel Modules.
[[0;32m  OK  [0m] Started Load Kernel Modules.
[    7.734522] systemd[1]: Started Uncomplicated firewall.
[[0;32m  OK  [0m] Started Uncomplicated firewall.
[    7.737107] systemd[1]: Started Nameserver information manager.
[[0;32m  OK  [0m] Started Nameserver information manager.
[    7.747838] systemd[1]: Started Journal Service.
[[0;32m  OK  [0m] Started Journal Service.
[[0;32m  OK  [0m] Started LVM2 metadata daemon.
         Mounting FUSE Control File System...
         Starting Apply Kernel Variables...
         Starting Create Static Device Nodes in /dev...
         Starting Load/Save Random Seed...
         Starting udev Coldplug all Devices...
         Starting Flush Journal to Persistent Storage...
[[0;32m  OK  [0m] Mounted FUSE Control File System.
[[0;32m  OK  [0m] Started Load/Save Random Seed.
[[0;32m  OK  [0m] Started Apply Kernel Variables.
[[0;32m  OK  [0m] Started Flush Journal to Persistent Storage.
[[0;32m  OK  [0m] Started Create Static Device Nodes in /dev.
         Starting udev Kernel Device Manager...
[[0;32m  OK  [0m] Started udev Kernel Device Manager.
[[0;32m  OK  [0m] Started udev Coldplug all Devices.
[[0;32m  OK  [0m] Started Dispatch Password Requests to Console Directory Watch.
[[0;32m  OK  [0m] Found device /dev/ttyS0.
[[0;32m  OK  [0m] Listening on Load/Save RF Kill Switch Status /dev/rfkill Watch.
[[0;32m  OK  [0m] Started Monitoring of LVM2 mirrors,...ng dmeventd or progress polling.
[[0;32m  OK  [0m] Reached target Local File Systems (Pre).
[[0;32m  OK  [0m] Reached target Local File Systems.
         Starting LSB: AppArmor initialization...
         Starting Set console font and keymap...
         Starting Initial cloud-init job (pre-networking)...
         Starting Commit a transient machine-id on disk...
         Starting Tell Plymouth To Write Out Runtime Data...
         Starting Create Volatile Files and Directories...
[[0;32m  OK  [0m] Started Create Volatile Files and Directories.
[[0;32m  OK  [0m] Started Commit a transient machine-id on disk.
[[0;32m  OK  [0m] Started Tell Plymouth To Write Out Runtime Data.
         Starting Update UTMP about System Boot/Shutdown...
[[0;32m  OK  [0m] Started Update UTMP about System Boot/Shutdown.
[[0;32m  OK  [0m] Started Set console font and keymap.
[[0;32m  OK  [0m] Created slice system-getty.slice.
[[0;32m  OK  [0m] Started LSB: AppArmor initialization.
[    8.924560] cloud-init[625]: Cloud-init v. 19.4-33-gbb4131a2-0ubuntu1~16.04.1 running 'init-local' at Tue, 23 Jun 2020 13:08:04 +0000. Up 8.71 seconds.
[[0;32m  OK  [0m] Started Initial cloud-init job (pre-networking).
[[0;32m  OK  [0m] Reached target Network (Pre).
         Starting Raise network interfaces...
[[0;32m  OK  [0m] Started Raise network interfaces.
[[0;32m  OK  [0m] Reached target Network.
         Starting Initial cloud-init job (metadata service crawler)...
[    9.847697] cloud-init[964]: Cloud-init v. 19.4-33-gbb4131a2-0ubuntu1~16.04.1 running 'init' at Tue, 23 Jun 2020 13:08:05 +0000. Up 9.34 seconds.
[    9.860529] cloud-init[964]: ci-info: ++++++++++++++++++++++++++++++++++++++Net device info+++++++++++++++++++++++++++++++++++++++
[    9.862097] cloud-init[964]: ci-info: +--------+-------+----------------------------+---------------+--------+-------------------+
[    9.864016] cloud-init[964]: ci-info: | Device |   Up  |          Address           |      Mask     | Scope  |     Hw-Address    |
[    9.866032] cloud-init[964]: ci-info: +--------+-------+----------------------------+---------------+--------+-------------------+
[    9.867944] cloud-init[964]: ci-info: | enp0s3 |  True |         10.0.2.15          | 255.255.255.0 | global | 02:89:fa:04:16:8f |
[    9.869947] cloud-init[964]: ci-info: | enp0s3 |  True | fe80::89:faff:fe04:168f/64 |       .       |  link  | 02:89:fa:04:16:8f |
[    9.871500] cloud-init[964]: ci-info: | enp0s8 | False |             .              |       .       |   .    | 08:00:27:13:f6:e8 |
[    9.873276] cloud-init[964]: ci-info: |   lo   |  True |         127.0.0.1          |   255.0.0.0   |  host  |         .         |
[    9.875120] cloud-init[964]: ci-info: |   lo   |  True |          ::1/128           |       .       |  host  |         .         |
[    9.876776] cloud-init[964]: ci-info: +--------+-------+----------------------------+---------------+--------+-------------------+
[    9.878650] cloud-init[964]: ci-info: +++++++++++++++++++++++++++Route IPv4 info++++++++++++++++++++++++++++
[    9.880283] cloud-init[964]: ci-info: +-------+-------------+----------+---------------+-----------+-------+
[    9.881707] cloud-init[964]: ci-info: | Route | Destination | Gateway  |    Genmask    | Interface | Flags |
[    9.883150] cloud-init[964]: ci-info: +-------+-------------+----------+---------------+-----------+-------+
[    9.884732] cloud-init[964]: ci-info: |   0   |   0.0.0.0   | 10.0.2.2 |    0.0.0.0    |   enp0s3  |   UG  |
[    9.886314] cloud-init[964]: ci-info: |   1   |   10.0.2.0  | 0.0.0.0  | 255.255.255.0 |   enp0s3  |   U   |
[    9.887862] cloud-init[964]: ci-info: +-------+-------------+----------+---------------+-----------+-------+
[    9.889441] cloud-init[964]: ci-info: +++++++++++++++++++Route IPv6 info+++++++++++++++++++
[    9.890710] cloud-init[964]: ci-info: +-------+-------------+---------+-----------+-------+
[    9.891906] cloud-init[964]: ci-info: | Route | Destination | Gateway | Interface | Flags |
[    9.893349] cloud-init[964]: ci-info: +-------+-------------+---------+-----------+-------+
[    9.900246] cloud-init[964]: ci-info: |   0   |  fe80::/64  |    ::   |   enp0s3  |   U   |
[    9.900421] cloud-init[964]: ci-info: |   3   |   ff00::/8  |    ::   |   enp0s3  |   U   |
[    9.901024] cloud-init[964]: ci-info: +-------+-------------+---------+-----------+-------+
[    9.901546] cloud-init[964]: Generating public/private rsa key pair.
[    9.902031] cloud-init[964]: Your identification has been saved in /etc/ssh/ssh_host_rsa_key.
[    9.902530] cloud-init[964]: Your public key has been saved in /etc/ssh/ssh_host_rsa_key.pub.
[    9.903024] cloud-init[964]: The key fingerprint is:
[    9.903521] cloud-init[964]: SHA256:savfVbM++VPiFzmq+96nV1cuXm3lh3A3mGd6zzaBFlY root@ubuntu-xenial
[    9.904124] cloud-init[964]: The key's randomart image is:
[    9.904655] cloud-init[964]: +---[RSA 2048]----+
[    9.905132] cloud-init[964]: |                 |
[[0;32m  OK  [0m] Started Initial cloud-init job (metadata service crawler).
[    9.905683] cloud-init[964]: |               E |
[    9.910760] cloud-init[964]: |        .     +  |
[    9.910899] cloud-init[964]: |         o  .=.++|
[    9.911408] cloud-init[964]: |        S   .oO=*|
[    9.911921] cloud-init[964]: |         .   =+O@|
[[0;32m  OK  [0m] Reached target System Initialization.
[[    9.911969] cloud-init[964]: |        .   oo+BX|
[    9.913904] cloud-init[964]: |       . . . o*oB|
[    9.914394] cloud-init[964]: |      ... .o=ooO=|
[    9.914912] cloud-init[964]: +----[SHA256]-----+
[    9.915705] cloud-init[964]: Generating public/private dsa key pair.
[    9.916518] cloud-init[964]: Your identification has been saved in /etc/ssh/ssh_host_dsa_key.
[    9.917006] cloud-init[964]: Your public key has been saved in /etc/ssh/ssh_host_dsa_key.pub.
[    9.917516] cloud-init[964]: The key fingerprint is:
[    9.918009] cloud-init[964]: SHA256:sOqjnCXF1LomHHrzoAwFdpUXh1CyNAdsj2ssMUAHZL0 root@ubuntu-xenial
[    9.918501] cloud-init[964]: The key's randomart image is:
[    9.918996] cloud-init[964]: +---[DSA 1024]----+
[    9.919490] cloud-init[964]: |o=o..B=+o.       |
[    9.919989] cloud-init[964]: |....o==o.        |
[    9.920520] cloud-init[964]: |....+.*          |
[    9.921007] cloud-init[964]: |...E o +         |
[    9.921500] cloud-init[964]: |  o B o S        |
[    9.921992] cloud-init[964]: | + + *           |
[    9.922487] cloud-init[964]: |o B B            |
[    9.922980] cloud-init[964]: |o+ @.            |
[    9.923470] cloud-init[964]: |..+.o.           |
[    9.923970] cloud-init[964]: +----[SHA256]-----+
[    9.924469] cloud-init[964]: Generating public/private ecdsa key pair.
[    9.925032] cloud-init[964]: Your identification has been saved in /etc/ssh/ssh_host_ecdsa_key.
[    9.925220] cloud-init[964]: Your public key has been saved in /etc/ssh/ssh_host_ecdsa_key.pub.
[0;32m  OK  [0m] Started Daily apt download activities.
[    9.925304] cloud-init[964]: The key fingerprint is:
[    9.932081] cloud-init[964]: SHA256:JFsgR4h8Ul41uIxc5+5wSs3DfOk4kQsnPAvvXYh+m94 root@ubuntu-xenial
[    9.932496] cloud-init[964]: The key's randomart image is:
[    9.932979] cloud-init[964]: +---[ECDSA 256]---+
[    9.933470] cloud-init[964]: | . ooo=oo        |
[    9.933959] cloud-init[964]: |  +.o+o...       |
[    9.934463] cloud-init[964]: |   +.+.+o        |
[    9.934946] cloud-init[964]: |    o o=.        |
[    9.935328] cloud-init[964]: |     ..*S. .     |
[    9.935852] cloud-init[964]: |    . B.%.o      |
[    9.936432] cloud-init[964]: |     +.@.B.      |
[    9.936956] cloud-init[964]: |     .+.*+.      |
[    9.937438] cloud-init[964]: |     .oo=oE      |
[    9.937768] cloud-init[964]: +----[SHA256]-----+
[    9.938264] cloud-init[964]: Generating public/private ed25519 key pair.
[    9.938757] cloud-init[964]: Your identification has been saved in /etc/ssh/ssh_host_ed25519_key.
[    9.939350] cloud-init[964]: Your public key has been saved in /etc/ssh/ssh_host_ed25519_key.pub.
[    9.939855] cloud-init[964]: The key fingerprint is:
[    9.940381] cloud-init[964]: SHA256:bM1d4CaS5EOvNegQOfO0/ZE6ZXoV5zTFrudcSUdlLBw root@ubuntu-xenial
[    9.940875] cloud-init[964]: The key's randomart image is:
[    9.941401] cloud-init[964]: +--[ED25519 256]--+
[    9.941892] cloud-init[964]: |      ..o   ..E+*|
[    9.942236] cloud-init[964]: |      +=.+ . .+o*|
[    9.942874] cloud-init[964]: |      .=*o= o..O.|
[    9.943239] cloud-init[964]: |       +oB.==...+|
[    9.943725] cloud-init[964]: |        S o*.o..o|
[    9.944780] cloud-init[964]: |       .  + o ..o|
[[0;32m  OK  [0m] Listening on ACPID Listen Socket.
[[    9.944878] [0;32m  OK  [0mcloud-init] [964]: Started Daily Cleanup of Temporary Directories.|           o   +.|

[    9.957688] cloud-init[964]: |                o|
[    9.957888] cloud-init[964]: |                 |
[    9.958423] cloud-init[964]: +----[SHA256]-----+
[[0;32m  OK  [0m] Started Daily apt upgrade and clean activities.
         Starting LXD - unix socket.
         Starting Socket activation for snappy daemon.
[[0;32m  OK  [0m] Listening on UUID daemon activation socket.
[[0;32m  OK  [0m] Listening on D-Bus System Message Bus Socket.
[[0;32m  OK  [0m] Started ACPI Events Check.
[[0;32m  OK  [0m] Reached target Paths.
[[0;32m  OK  [0m] Started Message of the Day.
[[0;32m  OK  [0m] Reached target Timers.
[[0;32m  OK  [0m] Reached target Cloud-config availability.
[[0;32m  OK  [0m] Reached target Network is Online.
         Starting iSCSI initiator daemon (iscsid)...
[[0;32m  OK  [0m] Listening on LXD - unix socket.
[[0;32m  OK  [0m] Listening on Socket activation for snappy daemon.
[[0;32m  OK  [0m] Reached target Sockets.
[[0;32m  OK  [0m] Reached target Basic System.
[[0;32m  OK  [0m] Started ACPI event daemon.
         Starting LSB: Record successful boot for GRUB...
         Starting Accounts Service...
         Starting System Logging Service...
         Starting /etc/rc.local Compatibility...
[[0;32m  OK  [0m] Started D-Bus System Message Bus.
         Starting LXD - container startup/shutdown...
         Starting Snappy daemon...
         Starting Virtualbox guest utils...
[[0;32m  OK  [0m] Started Regular background program processing daemon.
         Starting Login Service...
         Starting LSB: MD monitoring daemon...
[[0;32m  OK  [0m] Started FUSE filesystem for LXC.
         Starting Pollinate to seed the pseudo random number generator...
[[0;32m  OK  [0m] Started Deferred execution scheduler.
[[0;32m  OK  [0m] Started System Logging Service.
[[0;32m  OK  [0m] Started iSCSI initiator daemon (iscsid).
[[0;32m  OK  [0m] Started /etc/rc.local Compatibility.
         Starting Login to default iSCSI targets...
[[0;32m  OK  [0m] Started Login Service.
[[0;32m  OK  [0m] Started Unattended Upgrades Shutdown.
[[0;32m  OK  [0m] Started LSB: MD monitoring daemon.
         Starting Authenticate and Authorize Users to Run Privileged Tasks...
[[0;32m  OK  [0m] Started Login to default iSCSI targets.
[[0;32m  OK  [0m] Started LSB: Record successful boot for GRUB.
[[0;32m  OK  [0m] Reached target Remote File Systems (Pre).
[[0;32m  OK  [0m] Reached target Remote File Systems.
         Starting LSB: automatic crash report generation...
         Starting LSB: Set the CPU Frequency Scaling governor to "ondemand"...
         Starting Permit User Sessions...
         Starting LSB: daemon to balance interrupts for SMP systems...
[[0;32m  OK  [0m] Started Permit User Sessions.
[[0;32m  OK  [0m] Started Authenticate and Authorize Users to Run Privileged Tasks.
[[0;32m  OK  [0m] Started Accounts Service.
         Starting Terminate Plymouth Boot Screen...
         Starting Hold until boot process finishes up...
[[0;32m  OK  [0m] Started LXD - container startup/shutdown.
[[0;32m  OK  [0m] Started Hold until boot process finishes up.
[[0;32m  OK  [0m] Started Getty on tty1.
         Starting Set console scheme...
[[0;32m  OK  [0m] Started Serial Getty on ttyS0.
[[0;32m  OK  [0m] Reached target Login Prompts.
[[0;32m  OK  [0m] Started Terminate Plymouth Boot Screen.
[[0;32m  OK  [0m] Started Set console scheme.
[[0;32m  OK  [0m] Started Virtualbox guest utils.
[[0;32m  OK  [0m] Started LSB: automatic crash report generation.
[[0;32m  OK  [0m] Started LSB: Set the CPU Frequency Scaling governor to "ondemand".
[[0;32m  OK  [0m] Started LSB: daemon to balance interrupts for SMP systems.
[[0;32m  OK  [0m] Started Snappy daemon.
         Starting Wait until snapd is fully seeded...
[[0;32m  OK  [0m] Started Pollinate to seed the pseudo random number generator.
         Starting OpenBSD Secure Shell server...
[[0;32m  OK  [0m] Started OpenBSD Secure Shell server.
[[0;32m  OK  [0m] Started Wait until snapd is fully seeded.
         Starting Apply the settings specified in cloud-config...
[[0;32m  OK  [0m] Reached target Multi-User System.
[[0;32m  OK  [0m] Reached target Graphical Interface.
         Starting Update UTMP about System Runlevel Changes...
[[0;32m  OK  [0m] Started Update UTMP about System Runlevel Changes.
[   11.205917] cloud-init[1314]: Generating locales (this might take a while)...
[   11.815539] cloud-init[1314]:   en_US.UTF-8... done
[   11.816684] cloud-init[1314]: Generation complete.
[   12.052744] cloud-init[1314]: Cloud-init v. 19.4-33-gbb4131a2-0ubuntu1~16.04.1 running 'modules:config' at Tue, 23 Jun 2020 13:08:06 +0000. Up 11.11 seconds.
[[0;32m  OK  [0m] Started Apply the settings specified in cloud-config.
         Starting Execute cloud user/final scripts...
ci-info: no authorized SSH keys fingerprints found for user ubuntu.
<14>Jun 23 13:08:08 ec2: 
<14>Jun 23 13:08:08 ec2: #############################################################
<14>Jun 23 13:08:08 ec2: -----BEGIN SSH HOST KEY FINGERPRINTS-----
<14>Jun 23 13:08:08 ec2: 1024 SHA256:sOqjnCXF1LomHHrzoAwFdpUXh1CyNAdsj2ssMUAHZL0 root@ubuntu-xenial (DSA)
<14>Jun 23 13:08:08 ec2: 256 SHA256:JFsgR4h8Ul41uIxc5+5wSs3DfOk4kQsnPAvvXYh+m94 root@ubuntu-xenial (ECDSA)
<14>Jun 23 13:08:08 ec2: 256 SHA256:bM1d4CaS5EOvNegQOfO0/ZE6ZXoV5zTFrudcSUdlLBw root@ubuntu-xenial (ED25519)
<14>Jun 23 13:08:08 ec2: 2048 SHA256:savfVbM++VPiFzmq+96nV1cuXm3lh3A3mGd6zzaBFlY root@ubuntu-xenial (RSA)
<14>Jun 23 13:08:08 ec2: -----END SSH HOST KEY FINGERPRINTS-----
<14>Jun 23 13:08:08 ec2: #############################################################
-----BEGIN SSH HOST KEY KEYS-----
ecdsa-sha2-nistp256 AAAAE2VjZHNhLXNoYTItbmlzdHAyNTYAAAAIbmlzdHAyNTYAAABBBAS195/pn6hSog6hRuKaHXEGTChDcBN1EBq2cs9atUauBRosq8zzxlu4ud//Tf1fyGQxGEDj4bMSVsOjsBjYA0Y= root@ubuntu-xenial
ssh-ed25519 AAAAC3NzaC1lZDI1NTE5AAAAILyr5dZLS0POpochT0gzglat2Zy4Ti+bOKNPc6k0IrfT root@ubuntu-xenial
ssh-rsa AAAAB3NzaC1yc2EAAAADAQABAAABAQCpGq7qARDQoZjMFHtt1m1dPfdenavCBVK+iL2clC4GQhrwYbOJF0K9E6ydtFlliJIkEqMvy5js12PjVBM9pY6+h8LVXjgioNycFRfIQtRLHYK+9R1PcRk1my+bkF+u/UEUnI/sx51aVZ4PZWLH7ofaJR02B3TF+n78D06NIi889QVpHS7zY7w1NpND+j4592zmNOyNER2EH95QuKT7qDZMbU2XkOh96xw6ntcZ9dakzKZo+5QIHg1NlF9obM+DU18c6XwUqYC0/b9uY3RR4lD7+zG5qcF4NWprnt6c5/kvCD3C6iiymdNbY+UojXeIJvJzGmTNFuV+07sFd3Md36t/ root@ubuntu-xenial
-----END SSH HOST KEY KEYS-----
[   12.443815] cloud-init[1355]: Cloud-init v. 19.4-33-gbb4131a2-0ubuntu1~16.04.1 running 'modules:final' at Tue, 23 Jun 2020 13:08:08 +0000. Up 12.29 seconds.
[   12.445845] cloud-init[1355]: ci-info: no authorized SSH keys fingerprints found for user ubuntu.
[   12.447886] cloud-init[1355]: Cloud-init v. 19.4-33-gbb4131a2-0ubuntu1~16.04.1 finished at Tue, 23 Jun 2020 13:08:08 +0000. Datasource DataSourceNoCloud [seed=/dev/sdb][dsmode=net].  Up 12.43 seconds
[[0;32m  OK  [0m] Started Execute cloud user/final scripts.
[[0;32m  OK  [0m] Reached target Cloud-init target.

Ubuntu 16.04.6 LTS ubuntu-xenial ttyS0

ubuntu-xenial login: 